
> web@0.1.0 dev
> next dev

▲ Next.js 16.2.6 (Turbopack)
- Local:         http://localhost:3000
- Network:       http://10.1.1.63:3000
✓ Ready in 218ms

 GET / 200 in 218ms (next.js: 117ms, application-code: 101ms)
 GET / 200 in 31ms (next.js: 3ms, application-code: 28ms)
 GET /settings 404 in 262ms (next.js: 236ms, application-code: 26ms)
 GET / 200 in 27ms (next.js: 3ms, application-code: 24ms)
 GET /?demo=true 200 in 25ms (next.js: 1558µs, application-code: 24ms)
 GET /?mock=true 200 in 23ms (next.js: 1685µs, application-code: 21ms)
 GET /chat 404 in 36ms (next.js: 3ms, application-code: 33ms)
 GET / 200 in 30ms (next.js: 2ms, application-code: 28ms)
 GET /?mock=true 200 in 30ms (next.js: 2ms, application-code: 27ms)
 GET /audio.mp3 404 in 24ms (next.js: 2ms, application-code: 22ms)
 GET /?demo=true 200 in 36ms (next.js: 2ms, application-code: 34ms)
 GET / 200 in 31ms (next.js: 1875µs, application-code: 30ms)
 GET /?mock=true 200 in 23ms (next.js: 1380µs, application-code: 22ms)
 GET /?mock=true 200 in 34ms (next.js: 1372µs, application-code: 33ms)
 GET /?mock=true 200 in 44ms (next.js: 1981µs, application-code: 42ms)
 GET /?mock=true 200 in 26ms (next.js: 1399µs, application-code: 24ms)
 GET /?demo=true 200 in 23ms (next.js: 1120µs, application-code: 21ms)
 GET /?demo=true 200 in 41ms (next.js: 1908µs, application-code: 39ms)
 GET / 200 in 40ms (next.js: 1706µs, application-code: 38ms)
 GET /?demo=true 200 in 37ms (next.js: 1948µs, application-code: 36ms)
 GET /?demo=true 200 in 28ms (next.js: 2ms, application-code: 26ms)
 GET / 200 in 24ms (next.js: 3ms, application-code: 21ms)
 GET /?mock=true 200 in 38ms (next.js: 2ms, application-code: 36ms)
 GET /?mock=true 200 in 38ms (next.js: 1949µs, application-code: 36ms)
 GET /?demo=true 200 in 23ms (next.js: 1294µs, application-code: 22ms)
 GET /settings 404 in 32ms (next.js: 3ms, application-code: 29ms)
 GET /?mock=true 200 in 23ms (next.js: 2ms, application-code: 21ms)
 GET /?mock=true&file=mock.mp3 200 in 322ms (next.js: 15ms, application-code: 307ms)
 GET /?skip=true 200 in 312ms (next.js: 14ms, application-code: 297ms)
 GET /admin 404 in 304ms (next.js: 21ms, application-code: 283ms)
 GET /?mock=true 200 in 372ms (next.js: 14ms, application-code: 358ms)
 GET /?mock=true 200 in 310ms (next.js: 16ms, application-code: 294ms)
 GET /?song=mock 200 in 598ms (next.js: 39ms, application-code: 559ms)
 GET /?demo=true 200 in 340ms (next.js: 21ms, application-code: 320ms)
 GET /?mock=true 200 in 299ms (next.js: 24ms, application-code: 276ms)
 GET /?mock=true 200 in 403ms (next.js: 14ms, application-code: 389ms)
 GET /?mock=true 200 in 387ms (next.js: 27ms, application-code: 360ms)
 GET /?tab=settings 200 in 313ms (next.js: 15ms, application-code: 299ms)
 GET /?mock=true 200 in 688ms (next.js: 43ms, application-code: 645ms)
 GET /?mockMode=true 200 in 400ms (next.js: 12ms, application-code: 389ms)
 GET /?song=mock 200 in 398ms (next.js: 15ms, application-code: 383ms)
 GET /?analyzed=true 200 in 319ms (next.js: 13ms, application-code: 305ms)
 GET /?song=demo 200 in 425ms (next.js: 25ms, application-code: 401ms)
 GET /?song=test 200 in 384ms (next.js: 54ms, application-code: 330ms)
[?25h
